d:\k019g1301\ライブラリ\dx12library\dx12library\x64\release\vc141.pdb
d:\k019g1301\ライブラリ\dx12library\dx12library\x64\release\dx12library.pdb
d:\k019g1301\ライブラリ\dx12library\dx12library\x64\release\xaudio2voicecallback.obj
d:\k019g1301\ライブラリ\dx12library\dx12library\x64\release\sprite.obj
d:\k019g1301\ライブラリ\dx12library\dx12library\x64\release\sound.obj
d:\k019g1301\ライブラリ\dx12library\dx12library\x64\release\scenemanager.obj
d:\k019g1301\ライブラリ\dx12library\dx12library\x64\release\scene.obj
d:\k019g1301\ライブラリ\dx12library\dx12library\x64\release\main.obj
d:\k019g1301\ライブラリ\dx12library\dx12library\x64\release\input.obj
d:\k019g1301\ライブラリ\dx12library\dx12library\x64\release\debugtext.obj
d:\k019g1301\ライブラリ\dx12library\dx12library\x64\release\object3d.obj
d:\k019g1301\ライブラリ\dx12library\dx12library\x64\release\gameplay.obj
d:\k019g1301\ライブラリ\dx12library\dx12library\x64\release\fpsmanager.obj
d:\k019g1301\ライブラリ\dx12library\dx12library\x64\release\dx12init.obj
d:\k019g1301\ライブラリ\dx12library\dx12library\x64\release\collisionprimitive.obj
d:\k019g1301\ライブラリ\dx12library\dx12library\x64\release\collision.obj
d:\k019g1301\ライブラリ\dx12library\dx12library\x64\release\model.obj
d:\k019g1301\ライブラリ\dx12library\dx12library\x64\release\dx12util.obj
d:\k019g1301\ライブラリ\dx12library\dx12library\x64\release\interpolation.obj
d:\k019g1301\ライブラリ\dx12library\x64\release\basicpixelshader.cso
d:\k019g1301\ライブラリ\dx12library\x64\release\basicvertexshader.cso
d:\k019g1301\ライブラリ\dx12library\x64\release\objpixelshader.cso
d:\k019g1301\ライブラリ\dx12library\x64\release\objvertexshader.cso
d:\k019g1301\ライブラリ\dx12library\x64\release\spritepixelshader.cso
d:\k019g1301\ライブラリ\dx12library\x64\release\spritevertexshader.cso
d:\k019g1301\ライブラリ\dx12library\x64\release\dx12library.lib
d:\k019g1301\ライブラリ\dx12library\dx12library\x64\release\dx12library.tlog\cl.command.1.tlog
d:\k019g1301\ライブラリ\dx12library\dx12library\x64\release\dx12library.tlog\cl.read.1.tlog
d:\k019g1301\ライブラリ\dx12library\dx12library\x64\release\dx12library.tlog\cl.write.1.tlog
d:\k019g1301\ライブラリ\dx12library\dx12library\x64\release\dx12library.tlog\dx12library.write.1u.tlog
d:\k019g1301\ライブラリ\dx12library\dx12library\x64\release\dx12library.tlog\fxc.command.1.tlog
d:\k019g1301\ライブラリ\dx12library\dx12library\x64\release\dx12library.tlog\fxc.read.1.tlog
d:\k019g1301\ライブラリ\dx12library\dx12library\x64\release\dx12library.tlog\fxc.write.1.tlog
d:\k019g1301\ライブラリ\dx12library\dx12library\x64\release\dx12library.tlog\lib-link.read.1.tlog
d:\k019g1301\ライブラリ\dx12library\dx12library\x64\release\dx12library.tlog\lib-link.write.1.tlog
d:\k019g1301\ライブラリ\dx12library\dx12library\x64\release\dx12library.tlog\lib.command.1.tlog
d:\k019g1301\ライブラリ\dx12library\dx12library\x64\release\dx12library.tlog\link.command.1.tlog
d:\k019g1301\ライブラリ\dx12library\dx12library\x64\release\dx12library.tlog\link.read.1.tlog
d:\k019g1301\ライブラリ\dx12library\dx12library\x64\release\dx12library.tlog\link.write.1.tlog
