d:\k019g1301\2年前期\dx2(directx)\授業プロジェクト\project1\directxtex\bin\desktop_2017_win10\x64\debug\directxtex.pch.codeanalysis
d:\k019g1301\2年前期\dx2(directx)\授業プロジェクト\project1\directxtex\bin\desktop_2017_win10\x64\debug\directxtex.pdb
d:\k019g1301\2年前期\dx2(directx)\授業プロジェクト\project1\directxtex\bin\desktop_2017_win10\x64\debug\directxtex.pch.codeanalysisast
d:\k019g1301\2年前期\dx2(directx)\授業プロジェクト\project1\directxtex\bin\desktop_2017_win10\x64\debug\directxtexutil.nativecodeanalysis.xml
d:\k019g1301\2年前期\dx2(directx)\授業プロジェクト\project1\directxtex\bin\desktop_2017_win10\x64\debug\directxtexutil.obj
d:\k019g1301\2年前期\dx2(directx)\授業プロジェクト\project1\directxtex\bin\desktop_2017_win10\x64\debug\directxtexwic.nativecodeanalysis.xml
d:\k019g1301\2年前期\dx2(directx)\授業プロジェクト\project1\directxtex\bin\desktop_2017_win10\x64\debug\directxtextga.nativecodeanalysis.xml
d:\k019g1301\2年前期\dx2(directx)\授業プロジェクト\project1\directxtex\bin\desktop_2017_win10\x64\debug\directxtexresize.nativecodeanalysis.xml
d:\k019g1301\2年前期\dx2(directx)\授業プロジェクト\project1\directxtex\bin\desktop_2017_win10\x64\debug\directxtexpmalpha.nativecodeanalysis.xml
d:\k019g1301\2年前期\dx2(directx)\授業プロジェクト\project1\directxtex\bin\desktop_2017_win10\x64\debug\directxtexnormalmaps.nativecodeanalysis.xml
d:\k019g1301\2年前期\dx2(directx)\授業プロジェクト\project1\directxtex\bin\desktop_2017_win10\x64\debug\directxtexmisc.nativecodeanalysis.xml
d:\k019g1301\2年前期\dx2(directx)\授業プロジェクト\project1\directxtex\bin\desktop_2017_win10\x64\debug\directxtexmipmaps.nativecodeanalysis.xml
d:\k019g1301\2年前期\dx2(directx)\授業プロジェクト\project1\directxtex\bin\desktop_2017_win10\x64\debug\directxteximage.nativecodeanalysis.xml
d:\k019g1301\2年前期\dx2(directx)\授業プロジェクト\project1\directxtex\bin\desktop_2017_win10\x64\debug\directxtexhdr.nativecodeanalysis.xml
d:\k019g1301\2年前期\dx2(directx)\授業プロジェクト\project1\directxtex\bin\desktop_2017_win10\x64\debug\directxtexfliprotate.nativecodeanalysis.xml
d:\k019g1301\2年前期\dx2(directx)\授業プロジェクト\project1\directxtex\bin\desktop_2017_win10\x64\debug\directxtexdds.nativecodeanalysis.xml
d:\k019g1301\2年前期\dx2(directx)\授業プロジェクト\project1\directxtex\bin\desktop_2017_win10\x64\debug\directxtexd3d12.nativecodeanalysis.xml
d:\k019g1301\2年前期\dx2(directx)\授業プロジェクト\project1\directxtex\bin\desktop_2017_win10\x64\debug\directxtexd3d11.nativecodeanalysis.xml
d:\k019g1301\2年前期\dx2(directx)\授業プロジェクト\project1\directxtex\bin\desktop_2017_win10\x64\debug\directxtexconvert.nativecodeanalysis.xml
d:\k019g1301\2年前期\dx2(directx)\授業プロジェクト\project1\directxtex\bin\desktop_2017_win10\x64\debug\directxtexcompressgpu.nativecodeanalysis.xml
d:\k019g1301\2年前期\dx2(directx)\授業プロジェクト\project1\directxtex\bin\desktop_2017_win10\x64\debug\directxtexcompress.nativecodeanalysis.xml
d:\k019g1301\2年前期\dx2(directx)\授業プロジェクト\project1\directxtex\bin\desktop_2017_win10\x64\debug\bcdirectcompute.nativecodeanalysis.xml
d:\k019g1301\2年前期\dx2(directx)\授業プロジェクト\project1\directxtex\bin\desktop_2017_win10\x64\debug\bc6hbc7.nativecodeanalysis.xml
d:\k019g1301\2年前期\dx2(directx)\授業プロジェクト\project1\directxtex\bin\desktop_2017_win10\x64\debug\bc4bc5.nativecodeanalysis.xml
d:\k019g1301\2年前期\dx2(directx)\授業プロジェクト\project1\directxtex\bin\desktop_2017_win10\x64\debug\bc.nativecodeanalysis.xml
d:\k019g1301\2年前期\dx2(directx)\授業プロジェクト\project1\directxtex\bin\desktop_2017_win10\x64\debug\bc.obj
d:\k019g1301\2年前期\dx2(directx)\授業プロジェクト\project1\directxtex\bin\desktop_2017_win10\x64\debug\bc4bc5.obj
d:\k019g1301\2年前期\dx2(directx)\授業プロジェクト\project1\directxtex\bin\desktop_2017_win10\x64\debug\bc6hbc7.obj
d:\k019g1301\2年前期\dx2(directx)\授業プロジェクト\project1\directxtex\bin\desktop_2017_win10\x64\debug\bcdirectcompute.obj
d:\k019g1301\2年前期\dx2(directx)\授業プロジェクト\project1\directxtex\bin\desktop_2017_win10\x64\debug\directxtexcompress.obj
d:\k019g1301\2年前期\dx2(directx)\授業プロジェクト\project1\directxtex\bin\desktop_2017_win10\x64\debug\directxtexcompressgpu.obj
d:\k019g1301\2年前期\dx2(directx)\授業プロジェクト\project1\directxtex\bin\desktop_2017_win10\x64\debug\directxtexconvert.obj
d:\k019g1301\2年前期\dx2(directx)\授業プロジェクト\project1\directxtex\bin\desktop_2017_win10\x64\debug\directxtexd3d11.obj
d:\k019g1301\2年前期\dx2(directx)\授業プロジェクト\project1\directxtex\bin\desktop_2017_win10\x64\debug\directxtexd3d12.obj
d:\k019g1301\2年前期\dx2(directx)\授業プロジェクト\project1\directxtex\bin\desktop_2017_win10\x64\debug\directxtexdds.obj
d:\k019g1301\2年前期\dx2(directx)\授業プロジェクト\project1\directxtex\bin\desktop_2017_win10\x64\debug\directxtexfliprotate.obj
d:\k019g1301\2年前期\dx2(directx)\授業プロジェクト\project1\directxtex\bin\desktop_2017_win10\x64\debug\directxtexhdr.obj
d:\k019g1301\2年前期\dx2(directx)\授業プロジェクト\project1\directxtex\bin\desktop_2017_win10\x64\debug\directxteximage.obj
d:\k019g1301\2年前期\dx2(directx)\授業プロジェクト\project1\directxtex\bin\desktop_2017_win10\x64\debug\directxtexmipmaps.obj
d:\k019g1301\2年前期\dx2(directx)\授業プロジェクト\project1\directxtex\bin\desktop_2017_win10\x64\debug\directxtexmisc.obj
d:\k019g1301\2年前期\dx2(directx)\授業プロジェクト\project1\directxtex\bin\desktop_2017_win10\x64\debug\directxtexnormalmaps.obj
d:\k019g1301\2年前期\dx2(directx)\授業プロジェクト\project1\directxtex\bin\desktop_2017_win10\x64\debug\directxtexpmalpha.obj
d:\k019g1301\2年前期\dx2(directx)\授業プロジェクト\project1\directxtex\bin\desktop_2017_win10\x64\debug\directxtexresize.obj
d:\k019g1301\2年前期\dx2(directx)\授業プロジェクト\project1\directxtex\bin\desktop_2017_win10\x64\debug\directxtextga.obj
d:\k019g1301\2年前期\dx2(directx)\授業プロジェクト\project1\directxtex\bin\desktop_2017_win10\x64\debug\directxtexwic.obj
d:\k019g1301\2年前期\dx2(directx)\授業プロジェクト\project1\directxtex\bin\desktop_2017_win10\x64\debug\directxtex.lib
d:\k019g1301\2年前期\dx2(directx)\授業プロジェクト\project1\directxtex\bin\desktop_2017_win10\x64\debug\nativecodeanalysis.read.1.tlog
d:\k019g1301\2年前期\dx2(directx)\授業プロジェクト\project1\directxtex\bin\desktop_2017_win10\x64\debug\vc.nativecodeanalysis.all.xml
d:\k019g1301\2年前期\dx2(directx)\授業プロジェクト\project1\directxtex\bin\desktop_2017_win10\x64\debug\directxtex.tlog\cl.command.1.tlog
d:\k019g1301\2年前期\dx2(directx)\授業プロジェクト\project1\directxtex\bin\desktop_2017_win10\x64\debug\directxtex.tlog\cl.read.1.tlog
d:\k019g1301\2年前期\dx2(directx)\授業プロジェクト\project1\directxtex\bin\desktop_2017_win10\x64\debug\directxtex.tlog\cl.write.1.tlog
d:\k019g1301\2年前期\dx2(directx)\授業プロジェクト\project1\directxtex\bin\desktop_2017_win10\x64\debug\directxtex.tlog\lib-link.read.1.tlog
d:\k019g1301\2年前期\dx2(directx)\授業プロジェクト\project1\directxtex\bin\desktop_2017_win10\x64\debug\directxtex.tlog\lib-link.write.1.tlog
d:\k019g1301\2年前期\dx2(directx)\授業プロジェクト\project1\directxtex\bin\desktop_2017_win10\x64\debug\directxtex.tlog\lib.command.1.tlog
