  GamePlay.cpp
  c:\program files (x86)\windows kits\10\include\10.0.18362.0\um\dinput.h: DIRECTINPUT_VERSION undefined. Defaulting to version 0x0800
d:\k019g1301\ライブラリ\dx12library\dx12library\input.h(4): warning C4005: 'DIRECTINPUT_VERSION': マクロが再定義されました。
  c:\program files (x86)\windows kits\10\include\10.0.18362.0\um\dinput.h(48): note: 'DIRECTINPUT_VERSION' の以前の定義を確認してください
  main.cpp
  コードを生成中...
GamePlay.obj : error LNK2001: 外部シンボル ""public: virtual class std::basic_string<char,struct std::char_traits<char>,class std::allocator<char> > __cdecl Scene::GetSceneName(void)" (?GetSceneName@Scene@@UEAA?AV?$basic_string@DU?$char_traits@D@std@@V?$allocator@D@2@@std@@XZ)" は未解決です。
GamePlay.obj : error LNK2019: 未解決の外部シンボル "public: void __cdecl Model::Initialize(void)" (?Initialize@Model@@QEAAXXZ) が関数 "public: virtual void __cdecl GamePlay::Initialize(void)" (?Initialize@GamePlay@@UEAAXXZ) で参照されました。
GamePlay.obj : error LNK2019: 未解決の外部シンボル "public: void __cdecl Model::CreateBox(float,float,float,int)" (?CreateBox@Model@@QEAAXMMMH@Z) が関数 "public: virtual void __cdecl GamePlay::Initialize(void)" (?Initialize@GamePlay@@UEAAXXZ) で参照されました。
GamePlay.obj : error LNK2019: 未解決の外部シンボル "public: void __cdecl Model::CreateSquareTex(float,class std::basic_string<char,struct std::char_traits<char>,class std::allocator<char> >,int)" (?CreateSquareTex@Model@@QEAAXMV?$basic_string@DU?$char_traits@D@std@@V?$allocator@D@2@@std@@H@Z) が関数 "public: virtual void __cdecl GamePlay::Initialize(void)" (?Initialize@GamePlay@@UEAAXXZ) で参照されました。
GamePlay.obj : error LNK2019: 未解決の外部シンボル "public: void __cdecl Object3D::Initialize(void)" (?Initialize@Object3D@@QEAAXXZ) が関数 "public: virtual void __cdecl GamePlay::Initialize(void)" (?Initialize@GamePlay@@UEAAXXZ) で参照されました。
GamePlay.obj : error LNK2019: 未解決の外部シンボル "public: void __cdecl Object3D::Update(void)" (?Update@Object3D@@QEAAXXZ) が関数 "public: virtual void __cdecl GamePlay::Update(void)" (?Update@GamePlay@@UEAAXXZ) で参照されました。
GamePlay.obj : error LNK2019: 未解決の外部シンボル "public: void __cdecl Object3D::Draw(void)" (?Draw@Object3D@@QEAAXXZ) が関数 "public: virtual void __cdecl GamePlay::Draw(void)" (?Draw@GamePlay@@UEAAXXZ) で参照されました。
GamePlay.obj : error LNK2019: 未解決の外部シンボル "public: void __cdecl Object3D::SetModel(class Model)" (?SetModel@Object3D@@QEAAXVModel@@@Z) が関数 "public: virtual void __cdecl GamePlay::Initialize(void)" (?Initialize@GamePlay@@UEAAXXZ) で参照されました。
GamePlay.obj : error LNK2019: 未解決の外部シンボル "public: static void __cdecl Object3D::AddEye(float,float,float)" (?AddEye@Object3D@@SAXMMM@Z) が関数 "public: virtual void __cdecl GamePlay::Update(void)" (?Update@GamePlay@@UEAAXXZ) で参照されました。
GamePlay.obj : error LNK2019: 未解決の外部シンボル "public: static void __cdecl Object3D::MoveCamera(float,float,float)" (?MoveCamera@Object3D@@SAXMMM@Z) が関数 "public: virtual void __cdecl GamePlay::Update(void)" (?Update@GamePlay@@UEAAXXZ) で参照されました。
GamePlay.obj : error LNK2019: 未解決の外部シンボル "public: static void __cdecl Object3D::SetEye(struct DirectX::XMFLOAT3)" (?SetEye@Object3D@@SAXUXMFLOAT3@DirectX@@@Z) が関数 "public: virtual void __cdecl GamePlay::Initialize(void)" (?Initialize@GamePlay@@UEAAXXZ) で参照されました。
GamePlay.obj : error LNK2019: 未解決の外部シンボル "public: void __cdecl Sprite::Initialize(unsigned int,wchar_t const *,struct DirectX::XMFLOAT2,bool,bool)" (?Initialize@Sprite@@QEAAXIPEB_WUXMFLOAT2@DirectX@@_N2@Z) が関数 "public: virtual void __cdecl GamePlay::Initialize(void)" (?Initialize@GamePlay@@UEAAXXZ) で参照されました。
GamePlay.obj : error LNK2019: 未解決の外部シンボル "public: void __cdecl Sprite::Draw(void)" (?Draw@Sprite@@QEAAXXZ) が関数 "public: virtual void __cdecl GamePlay::Draw(void)" (?Draw@GamePlay@@UEAAXXZ) で参照されました。
GamePlay.obj : error LNK2019: 未解決の外部シンボル "public: void __cdecl Interpolation::Update(float)" (?Update@Interpolation@@QEAAXM@Z) が関数 "public: virtual void __cdecl GamePlay::Update(void)" (?Update@GamePlay@@UEAAXXZ) で参照されました。
GamePlay.obj : error LNK2019: 未解決の外部シンボル "public: void __cdecl Interpolation::Start(float)" (?Start@Interpolation@@QEAAXM@Z) が関数 "public: virtual void __cdecl GamePlay::Initialize(void)" (?Initialize@GamePlay@@UEAAXXZ) で参照されました。
GamePlay.obj : error LNK2019: 未解決の外部シンボル "public: static float __cdecl Interpolation::EaseInOut(float,float,float)" (?EaseInOut@Interpolation@@SAMMMM@Z) が関数 "public: virtual void __cdecl GamePlay::Update(void)" (?Update@GamePlay@@UEAAXXZ) で参照されました。
GamePlay.obj : error LNK2019: 未解決の外部シンボル "public: static void __cdecl DX12Util::BeginDraw(void)" (?BeginDraw@DX12Util@@SAXXZ) が関数 "public: virtual void __cdecl GamePlay::Draw(void)" (?Draw@GamePlay@@UEAAXXZ) で参照されました。
GamePlay.obj : error LNK2019: 未解決の外部シンボル "public: static void __cdecl DX12Util::EndDraw(void)" (?EndDraw@DX12Util@@SAXXZ) が関数 "public: virtual void __cdecl GamePlay::Draw(void)" (?Draw@GamePlay@@UEAAXXZ) で参照されました。
GamePlay.obj : error LNK2019: 未解決の外部シンボル "public: static void __cdecl DX12Util::ClearDepthBuffer(void)" (?ClearDepthBuffer@DX12Util@@SAXXZ) が関数 "public: virtual void __cdecl GamePlay::Draw(void)" (?Draw@GamePlay@@UEAAXXZ) で参照されました。
GamePlay.obj : error LNK2019: 未解決の外部シンボル "public: static bool __cdecl Input::Trigger(int)" (?Trigger@Input@@SA_NH@Z) が関数 "public: virtual void __cdecl GamePlay::Update(void)" (?Update@GamePlay@@UEAAXXZ) で参照されました。
GamePlay.obj : error LNK2019: 未解決の外部シンボル "public: static bool __cdecl Input::Push(int)" (?Push@Input@@SA_NH@Z) が関数 "public: virtual void __cdecl GamePlay::Update(void)" (?Update@GamePlay@@UEAAXXZ) で参照されました。
GamePlay.obj : error LNK2019: 未解決の外部シンボル "public: static void __cdecl DebugText::Print(class std::basic_string<char,struct std::char_traits<char>,class std::allocator<char> > const &,float,float,float)" (?Print@DebugText@@SAXAEBV?$basic_string@DU?$char_traits@D@std@@V?$allocator@D@2@@std@@MMM@Z) が関数 "public: virtual void __cdecl GamePlay::Update(void)" (?Update@GamePlay@@UEAAXXZ) で参照されました。
GamePlay.obj : error LNK2019: 未解決の外部シンボル "public: static void __cdecl DebugText::DrawAll(void)" (?DrawAll@DebugText@@SAXXZ) が関数 "public: virtual void __cdecl GamePlay::Draw(void)" (?Draw@GamePlay@@UEAAXXZ) で参照されました。
GamePlay.obj : error LNK2019: 未解決の外部シンボル "public: static bool __cdecl Collision::CheckSphere2Sphere(struct Sphere const &,struct Sphere const &)" (?CheckSphere2Sphere@Collision@@SA_NAEBUSphere@@0@Z) が関数 "public: virtual void __cdecl GamePlay::Update(void)" (?Update@GamePlay@@UEAAXXZ) で参照されました。
main.obj : error LNK2019: 未解決の外部シンボル "public: static void __cdecl Input::Initialize(struct HWND__ *)" (?Initialize@Input@@SAXPEAUHWND__@@@Z) が関数 WinMain で参照されました。
main.obj : error LNK2019: 未解決の外部シンボル "public: static void __cdecl Object3D::FirstInit(void)" (?FirstInit@Object3D@@SAXXZ) が関数 WinMain で参照されました。
main.obj : error LNK2019: 未解決の外部シンボル "public: static void __cdecl Sprite::FirstInit(void)" (?FirstInit@Sprite@@SAXXZ) が関数 WinMain で参照されました。
main.obj : error LNK2019: 未解決の外部シンボル "public: static void __cdecl DebugText::Initialize(unsigned int,wchar_t const *)" (?Initialize@DebugText@@SAXIPEB_W@Z) が関数 WinMain で参照されました。
main.obj : error LNK2019: 未解決の外部シンボル "public: static void __cdecl Sound::Initialize(void)" (?Initialize@Sound@@SAXXZ) が関数 WinMain で参照されました。
main.obj : error LNK2019: 未解決の外部シンボル "public: static void __cdecl DX12Util::Initialize(void)" (?Initialize@DX12Util@@SAXXZ) が関数 WinMain で参照されました。
main.obj : error LNK2019: 未解決の外部シンボル "public: static void __cdecl DX12Util::End(void)" (?End@DX12Util@@SAXXZ) が関数 WinMain で参照されました。
main.obj : error LNK2019: 未解決の外部シンボル "public: static struct HWND__ * __cdecl DX12Util::GetHwnd(void)" (?GetHwnd@DX12Util@@SAPEAUHWND__@@XZ) が関数 WinMain で参照されました。
main.obj : error LNK2019: 未解決の外部シンボル "public: static void __cdecl SceneManager::AddScene(class Scene *)" (?AddScene@SceneManager@@SAXPEAVScene@@@Z) が関数 WinMain で参照されました。
main.obj : error LNK2019: 未解決の外部シンボル "public: static void __cdecl SceneManager::SetScene(class std::basic_string<char,struct std::char_traits<char>,class std::allocator<char> >)" (?SetScene@SceneManager@@SAXV?$basic_string@DU?$char_traits@D@std@@V?$allocator@D@2@@std@@@Z) が関数 WinMain で参照されました。
main.obj : error LNK2019: 未解決の外部シンボル "public: static void __cdecl SceneManager::DeleteScene(void)" (?DeleteScene@SceneManager@@SAXXZ) が関数 WinMain で参照されました。
main.obj : error LNK2019: 未解決の外部シンボル "public: static void __cdecl SceneManager::Update(void)" (?Update@SceneManager@@SAXXZ) が関数 WinMain で参照されました。
main.obj : error LNK2019: 未解決の外部シンボル "public: static void __cdecl SceneManager::Draw(void)" (?Draw@SceneManager@@SAXXZ) が関数 WinMain で参照されました。
main.obj : error LNK2019: 未解決の外部シンボル "public: static void __cdecl FPSManager::Initialize(double)" (?Initialize@FPSManager@@SAXN@Z) が関数 WinMain で参照されました。
main.obj : error LNK2019: 未解決の外部シンボル "public: static void __cdecl FPSManager::AdjustFPS(void)" (?AdjustFPS@FPSManager@@SAXXZ) が関数 WinMain で参照されました。
MSVCRTD.lib(exe_main.obj) : error LNK2019: 未解決の外部シンボル main が関数 "int __cdecl invoke_main(void)" (?invoke_main@@YAHXZ) で参照されました。
D:\K019G1301\ライブラリ\DX12Library\x64\Debug\Game.exe : fatal error LNK1120: 40 件の未解決の外部参照
