d:\k019g1301\ライブラリ\dx12library\dx12library\x64\debug\vc141.pdb
d:\k019g1301\ライブラリ\dx12library\dx12library\x64\debug\vc141.idb
d:\k019g1301\ライブラリ\dx12library\dx12library\x64\debug\xaudio2voicecallback.obj
d:\k019g1301\ライブラリ\dx12library\dx12library\x64\debug\sprite.obj
d:\k019g1301\ライブラリ\dx12library\dx12library\x64\debug\sound.obj
d:\k019g1301\ライブラリ\dx12library\dx12library\x64\debug\scenemanager.obj
d:\k019g1301\ライブラリ\dx12library\dx12library\x64\debug\scene.obj
d:\k019g1301\ライブラリ\dx12library\dx12library\x64\debug\main.obj
d:\k019g1301\ライブラリ\dx12library\dx12library\x64\debug\input.obj
d:\k019g1301\ライブラリ\dx12library\dx12library\x64\debug\debugtext.obj
d:\k019g1301\ライブラリ\dx12library\dx12library\x64\debug\object3d.obj
d:\k019g1301\ライブラリ\dx12library\dx12library\x64\debug\model.obj
d:\k019g1301\ライブラリ\dx12library\dx12library\x64\debug\gameplay.obj
d:\k019g1301\ライブラリ\dx12library\dx12library\x64\debug\fpsmanager.obj
d:\k019g1301\ライブラリ\dx12library\dx12library\x64\debug\dx12init.obj
d:\k019g1301\ライブラリ\dx12library\dx12library\x64\debug\interpolation.obj
d:\k019g1301\ライブラリ\dx12library\dx12library\x64\debug\dx12util.obj
d:\k019g1301\ライブラリ\dx12library\dx12library\x64\debug\collisionprimitive.obj
d:\k019g1301\ライブラリ\dx12library\dx12library\x64\debug\collision.obj
d:\k019g1301\ライブラリ\dx12library\x64\debug\spritepixelshader.cso
d:\k019g1301\ライブラリ\dx12library\x64\debug\spritevertexshader.cso
d:\k019g1301\ライブラリ\dx12library\x64\debug\basicpixelshader.cso
d:\k019g1301\ライブラリ\dx12library\x64\debug\basicvertexshader.cso
d:\k019g1301\ライブラリ\dx12library\x64\debug\objpixelshader.cso
d:\k019g1301\ライブラリ\dx12library\x64\debug\objvertexshader.cso
d:\k019g1301\ライブラリ\dx12library\x64\debug\dx12library.exe
d:\k019g1301\ライブラリ\dx12library\x64\debug\dx12library.ilk
d:\k019g1301\ライブラリ\dx12library\x64\debug\dx12library.pdb
d:\k019g1301\ライブラリ\dx12library\dx12library\x64\debug\dx12library.tlog\cl.command.1.tlog
d:\k019g1301\ライブラリ\dx12library\dx12library\x64\debug\dx12library.tlog\cl.read.1.tlog
d:\k019g1301\ライブラリ\dx12library\dx12library\x64\debug\dx12library.tlog\cl.write.1.tlog
d:\k019g1301\ライブラリ\dx12library\dx12library\x64\debug\dx12library.tlog\fxc.command.1.tlog
d:\k019g1301\ライブラリ\dx12library\dx12library\x64\debug\dx12library.tlog\fxc.read.1.tlog
d:\k019g1301\ライブラリ\dx12library\dx12library\x64\debug\dx12library.tlog\fxc.write.1.tlog
d:\k019g1301\ライブラリ\dx12library\dx12library\x64\debug\dx12library.tlog\link.25572-cvtres.read.1.tlog
d:\k019g1301\ライブラリ\dx12library\dx12library\x64\debug\dx12library.tlog\link.25572-cvtres.write.1.tlog
d:\k019g1301\ライブラリ\dx12library\dx12library\x64\debug\dx12library.tlog\link.25572-rc.read.1.tlog
d:\k019g1301\ライブラリ\dx12library\dx12library\x64\debug\dx12library.tlog\link.25572-rc.write.1.tlog
d:\k019g1301\ライブラリ\dx12library\dx12library\x64\debug\dx12library.tlog\link.25572.read.1.tlog
d:\k019g1301\ライブラリ\dx12library\dx12library\x64\debug\dx12library.tlog\link.25572.write.1.tlog
d:\k019g1301\ライブラリ\dx12library\dx12library\x64\debug\dx12library.tlog\link.command.1.tlog
d:\k019g1301\ライブラリ\dx12library\dx12library\x64\debug\dx12library.tlog\link.read.1.tlog
d:\k019g1301\ライブラリ\dx12library\dx12library\x64\debug\dx12library.tlog\link.write.1.tlog
