C:\Program Files (x86)\Microsoft Visual Studio\2017\Professional\Common7\IDE\VC\VCTargets\Microsoft.CppBuild.targets(391,5): warning MSB8028: 中間ディレクトリ (x64\Debug\) に別のプロジェクト (Project1.vcxproj) と共有されているファイルが含まれています。これにより、クリーンしてリビルド動作が適切に行われない可能性があります。
  D:\K019G1301\ライブラリ\DX12Library\DX12Library\Resources\1.png
  D:\K019G1301\ライブラリ\DX12Library\DX12Library\Resources\2.png
  D:\K019G1301\ライブラリ\DX12Library\DX12Library\Resources\3.png
  D:\K019G1301\ライブラリ\DX12Library\DX12Library\Resources\4.png
  D:\K019G1301\ライブラリ\DX12Library\DX12Library\Resources\5.png
  D:\K019G1301\ライブラリ\DX12Library\DX12Library\Resources\6.png
  D:\K019G1301\ライブラリ\DX12Library\DX12Library\Resources\Alarm01.wav
  D:\K019G1301\ライブラリ\DX12Library\DX12Library\Resources\gazoudayo.png
  D:\K019G1301\ライブラリ\DX12Library\DX12Library\Resources\haikeidayo.png
  D:\K019G1301\ライブラリ\DX12Library\DX12Library\Resources\itapori.png
  D:\K019G1301\ライブラリ\DX12Library\DX12Library\Resources\obj1.png
  D:\K019G1301\ライブラリ\DX12Library\DX12Library\Resources\obj2.png
  D:\K019G1301\ライブラリ\DX12Library\DX12Library\Resources\.mayaSwatches\1.png_hcm.swatch
  D:\K019G1301\ライブラリ\DX12Library\DX12Library\Resources\.mayaSwatches\haikeidayo.png_hcm.swatch
  D:\K019G1301\ライブラリ\DX12Library\DX12Library\Resources\.mayaSwatches\obj1.png_hcm.swatch
  D:\K019G1301\ライブラリ\DX12Library\DX12Library\Resources\post\post.mtl
  D:\K019G1301\ライブラリ\DX12Library\DX12Library\Resources\post\post.obj
  D:\K019G1301\ライブラリ\DX12Library\DX12Library\Resources\post\post.png
  D:\K019G1301\ライブラリ\DX12Library\DX12Library\Resources\Rasen\Rasen.mtl
  D:\K019G1301\ライブラリ\DX12Library\DX12Library\Resources\Rasen\Rasen.obj
  D:\K019G1301\ライブラリ\DX12Library\DX12Library\Resources\Sphere\Sphere.mtl
  D:\K019G1301\ライブラリ\DX12Library\DX12Library\Resources\Sphere\Sphere.obj
  D:\K019G1301\ライブラリ\DX12Library\DX12Library\Resources\Sphere\white1x1.png
  D:\K019G1301\ライブラリ\DX12Library\DX12Library\Resources\Test\snap.png
  D:\K019G1301\ライブラリ\DX12Library\DX12Library\Resources\Test\Test.mtl
  D:\K019G1301\ライブラリ\DX12Library\DX12Library\Resources\Test\Test.obj
  D:\K019G1301\ライブラリ\DX12Library\DX12Library\Resources\vending_machine\vending_machine.mtl
  D:\K019G1301\ライブラリ\DX12Library\DX12Library\Resources\vending_machine\vending_machine.obj
  D:\K019G1301\ライブラリ\DX12Library\DX12Library\Resources\vending_machine\vending_machine.png
  29 個のファイルをコピーしました
  D:\K019G1301\ライブラリ\DX12Library\DX12Library\Shader\NoShadePixelShader.hlsl
  D:\K019G1301\ライブラリ\DX12Library\DX12Library\Shader\NoShadeShaderHeader.hlsli
  D:\K019G1301\ライブラリ\DX12Library\DX12Library\Shader\NoShadeVertexShader.hlsl
  3 個のファイルをコピーしました
  DX12Library.vcxproj -> D:\K019G1301\ライブラリ\DX12Library\x64\Debug\DX12Library.lib
          1 個のファイルをコピーしました。
