d:\k019g1301\2年前期\dx2(directx)\授業プロジェクト\project1\project1\x64\debug\vc141.pdb
d:\k019g1301\2年前期\dx2(directx)\授業プロジェクト\project1\project1\x64\debug\vc141.idb
d:\k019g1301\2年前期\dx2(directx)\授業プロジェクト\project1\project1\x64\debug\sprite.obj
d:\k019g1301\2年前期\dx2(directx)\授業プロジェクト\project1\project1\x64\debug\shape.obj
d:\k019g1301\2年前期\dx2(directx)\授業プロジェクト\project1\project1\x64\debug\main.obj
d:\k019g1301\2年前期\dx2(directx)\授業プロジェクト\project1\project1\x64\debug\input.obj
d:\k019g1301\2年前期\dx2(directx)\授業プロジェクト\project1\project1\x64\debug\3dobject.obj
d:\k019g1301\2年前期\dx2(directx)\授業プロジェクト\project1\x64\debug\basicpixelshader.cso
d:\k019g1301\2年前期\dx2(directx)\授業プロジェクト\project1\x64\debug\basicvertexshader.cso
d:\k019g1301\2年前期\dx2(directx)\授業プロジェクト\project1\x64\debug\project1.ilk
d:\k019g1301\2年前期\dx2(directx)\授業プロジェクト\project1\x64\debug\project1.exe
d:\k019g1301\2年前期\dx2(directx)\授業プロジェクト\project1\x64\debug\project1.pdb
d:\k019g1301\2年前期\dx2(directx)\授業プロジェクト\project1\project1\x64\debug\project1.tlog\cl.command.1.tlog
d:\k019g1301\2年前期\dx2(directx)\授業プロジェクト\project1\project1\x64\debug\project1.tlog\cl.read.1.tlog
d:\k019g1301\2年前期\dx2(directx)\授業プロジェクト\project1\project1\x64\debug\project1.tlog\cl.write.1.tlog
d:\k019g1301\2年前期\dx2(directx)\授業プロジェクト\project1\project1\x64\debug\project1.tlog\fxc.command.1.tlog
d:\k019g1301\2年前期\dx2(directx)\授業プロジェクト\project1\project1\x64\debug\project1.tlog\fxc.read.1.tlog
d:\k019g1301\2年前期\dx2(directx)\授業プロジェクト\project1\project1\x64\debug\project1.tlog\fxc.write.1.tlog
d:\k019g1301\2年前期\dx2(directx)\授業プロジェクト\project1\project1\x64\debug\project1.tlog\link.command.1.tlog
d:\k019g1301\2年前期\dx2(directx)\授業プロジェクト\project1\project1\x64\debug\project1.tlog\link.read.1.tlog
d:\k019g1301\2年前期\dx2(directx)\授業プロジェクト\project1\project1\x64\debug\project1.tlog\link.write.1.tlog
